<?xml version="1.0" encoding="UTF-8"?>
<testsuite xmlns:xsi="http://www.w3.org/2001/XMLSchema-instance"
           xsi:noNamespaceSchemaLocation="https://maven.apache.org/surefire/maven-surefire-plugin/xsd/surefire-test-report.xsd"
           name="com.spring.SpringBoot02ConfigApplicationTests" time="2.604" tests="2" errors="0" skipped="0"
           failures="0">
    <properties>
[...]
</properties>
    <testcase name="testHelloService" classname="com.spring.SpringBoot02ConfigApplicationTests" time="0.308"/>
    <testcase name="contextLoads" classname="com.spring.SpringBoot02ConfigApplicationTests" time="0.014"/>
</testsuite>